gen 0  pop 5
............
..#.........
...#........
.###........
............
............
............
............
............
............
............
............

gen 1  pop 5
............
............
.#.#........
..##........
..#.........
............
............
............
............
............
............
............

gen 2  pop 5
............
............
...#........
.#.#........
..##........
............
............
............
............
............
............
............

gen 3  pop 5
............
............
..#.........
...##.......
..##........
............
............
............
............
............
............
............

gen 4  pop 5
............
............
...#........
....#.......
..###.......
............
............
............
............
............
............
............

gen 5  pop 5
............
............
............
..#.#.......
...##.......
...#........
............
............
............
............
............
............

gen 6  pop 5
............
............
............
....#.......
..#.#.......
...##.......
............
............
............
............
............
............

the glider glides: population stays 5 cells
